<?xml version="1.0" encoding="UTF-8"?>
<testng-results ignored="0" total="2" passed="2" failed="0" skipped="0">
  <reporter-output>
  </reporter-output>
  <suite started-at="2023-01-15T01:24:07 AEDT" name="Default suite" finished-at="2023-01-15T01:24:10 AEDT" duration-ms="2820">
    <groups>
    </groups>
    <test started-at="2023-01-15T01:24:07 AEDT" name="Default test" finished-at="2023-01-15T01:24:10 AEDT" duration-ms="2820">
      <class name="TC01_Get">
        <test-method signature="test_01()[pri:0, instance:TC01_Get@662b4c69]" started-at="2023-01-15T01:24:07 AEDT" name="test_01" finished-at="2023-01-15T01:24:09 AEDT" duration-ms="1929" status="PASS">
          <reporter-output>
          </reporter-output>
        </test-method> <!-- test_01 -->
        <test-method signature="test_02()[pri:0, instance:TC01_Get@662b4c69]" started-at="2023-01-15T01:24:09 AEDT" name="test_02" finished-at="2023-01-15T01:24:10 AEDT" duration-ms="834" status="PASS">
          <reporter-output>
          </reporter-output>
        </test-method> <!-- test_02 -->
      </class> <!-- TC01_Get -->
    </test> <!-- Default test -->
  </suite> <!-- Default suite -->
</testng-results>
